[debug] [2023-10-30T19:42:13.834Z] ----------------------------------------------------------------------
[debug] [2023-10-30T19:42:13.841Z] Command:       C:\Program Files\nodejs\node.exe C:\Users\adamj\AppData\Roaming\npm\node_modules\firebase-tools\lib\bin\firebase.js init hosting
[debug] [2023-10-30T19:42:13.842Z] CLI Version:   12.7.0
[debug] [2023-10-30T19:42:13.843Z] Platform:      win32
[debug] [2023-10-30T19:42:13.843Z] Node Version:  v21.1.0
[debug] [2023-10-30T19:42:13.843Z] Time:          Mon Oct 30 2023 14:42:13 GMT-0500 (Central Daylight Time)
[debug] [2023-10-30T19:42:13.844Z] ----------------------------------------------------------------------
[debug] 
[debug] [2023-10-30T19:42:13.851Z] >>> [apiv2][query] GET https://firebase-public.firebaseio.com/cli.json [none]
[debug] [2023-10-30T19:42:14.132Z] > command requires scopes: ["email","openid","https://www.googleapis.com/auth/cloudplatformprojects.readonly","https://www.googleapis.com/auth/firebase","https://www.googleapis.com/auth/cloud-platform"]
[debug] [2023-10-30T19:42:14.133Z] > authorizing via signed-in user (adamjaber@lewisu.edu)
[info] 
     ######## #### ########  ######## ########     ###     ######  ########
     ##        ##  ##     ## ##       ##     ##  ##   ##  ##       ##
     ######    ##  ########  ######   ########  #########  ######  ######
     ##        ##  ##    ##  ##       ##     ## ##     ##       ## ##
     ##       #### ##     ## ######## ########  ##     ##  ######  ########

You're about to initialize a Firebase project in this directory:

  C:\Users\adamj\Work\codingkickstart

Before we get started, keep in mind:

  * You are initializing within an existing Firebase project directory

[debug] [2023-10-30T19:42:14.268Z] <<< [apiv2][status] GET https://firebase-public.firebaseio.com/cli.json 200
[debug] [2023-10-30T19:42:14.269Z] <<< [apiv2][body] GET https://firebase-public.firebaseio.com/cli.json {"cloudBuildErrorAfter":1594252800000,"cloudBuildWarnAfter":1590019200000,"defaultNode10After":1594252800000,"minVersion":"3.0.5","node8DeploysDisabledAfter":1613390400000,"node8RuntimeDisabledAfter":1615809600000,"node8WarnAfter":1600128000000}
[info] 
=== Project Setup
[info] 
[info] First, let's associate this project directory with a Firebase project.
[info] You can create multiple project aliases by running firebase use --add, 
[info] but for now we'll just set up a default project.
[info] 
[debug] [2023-10-30T19:42:31.710Z] Using project from CLI flag: code-kickstart
[debug] [2023-10-30T19:42:31.713Z] > refreshing access token with scopes: []
[debug] [2023-10-30T19:42:31.741Z] >>> [apiv2][query] POST https://www.googleapis.com/oauth2/v3/token [none]
[debug] [2023-10-30T19:42:31.742Z] >>> [apiv2][body] POST https://www.googleapis.com/oauth2/v3/token [omitted]
[debug] [2023-10-30T19:42:31.937Z] <<< [apiv2][status] POST https://www.googleapis.com/oauth2/v3/token 200
[debug] [2023-10-30T19:42:31.938Z] <<< [apiv2][body] POST https://www.googleapis.com/oauth2/v3/token [omitted]
[debug] [2023-10-30T19:42:31.959Z] >>> [apiv2][query] GET https://firebase.googleapis.com/v1beta1/projects/code-kickstart [none]
[debug] [2023-10-30T19:42:32.114Z] <<< [apiv2][status] GET https://firebase.googleapis.com/v1beta1/projects/code-kickstart 200
[debug] [2023-10-30T19:42:32.114Z] <<< [apiv2][body] GET https://firebase.googleapis.com/v1beta1/projects/code-kickstart {"projectId":"code-kickstart","projectNumber":"500114209702","displayName":"code-kickstart","name":"projects/code-kickstart","resources":{"hostingSite":"code-kickstart"},"state":"ACTIVE","etag":"1_3215837d-06ee-46a5-bb80-85aa7bf53ac2"}
[info] i  Using project code-kickstart (code-kickstart) 
[info] 
=== Hosting Setup
[info] 
[info] Your public directory is the folder (relative to your project directory) that
[info] will contain Hosting assets to be uploaded with firebase deploy. If you
[info] have a build process for your assets, use your build's output directory.
[info] 
[debug] [2023-10-30T19:43:47.500Z] >>> [apiv2][query] GET https://www.gstatic.com/firebasejs/releases.json [none]
[debug] [2023-10-30T19:43:47.563Z] <<< [apiv2][status] GET https://www.gstatic.com/firebasejs/releases.json 200
[debug] [2023-10-30T19:43:47.563Z] <<< [apiv2][body] GET https://www.gstatic.com/firebasejs/releases.json {"current":{"version":"10.5.2","browserURL":"https://www.gstatic.com/firebasejs/10.5.2/firebase.js","packageURL":"https://www.gstatic.com/firebasejs/10.5.2/firebase.tgz"},"live":{"version":"10.5","browserURL":"https://www.gstatic.com/firebasejs/live/10.5/firebase.js","packageURL":"https://www.gstatic.com/firebasejs/live/10.5/firebase.tgz"},"components":{"analytics":"https://www.gstatic.com/firebasejs/10.5.2/firebase-analytics.js","app":"https://www.gstatic.com/firebasejs/10.5.2/firebase-app.js","app-check":"https://www.gstatic.com/firebasejs/10.5.2/firebase-app-check.js","auth":"https://www.gstatic.com/firebasejs/10.5.2/firebase-auth.js","auth/cordova":"https://www.gstatic.com/firebasejs/10.5.2/firebase-auth/cordova.js","functions":"https://www.gstatic.com/firebasejs/10.5.2/firebase-functions.js","firestore":"https://www.gstatic.com/firebasejs/10.5.2/firebase-firestore.js","firestore/lite":"https://www.gstatic.com/firebasejs/10.5.2/firebase-firestore/lite.js","installations":"https://www.gstatic.com/firebasejs/10.5.2/firebase-installations.js","storage":"https://www.gstatic.com/firebasejs/10.5.2/firebase-storage.js","performance":"https://www.gstatic.com/firebasejs/10.5.2/firebase-performance.js","remote-config":"https://www.gstatic.com/firebasejs/10.5.2/firebase-remote-config.js","messaging":"https://www.gstatic.com/firebasejs/10.5.2/firebase-messaging.js","messaging/sw":"https://www.gstatic.com/firebasejs/10.5.2/firebase-messaging/sw.js","database":"https://www.gstatic.com/firebasejs/10.5.2/firebase-database.js","firestore.memory":"https://www.gstatic.com/firebasejs/10.5.2/firebase-firestore.memory.js"}}
[debug] [2023-10-30T19:44:26.517Z] ----------------------------------------------------------------------
[debug] [2023-10-30T19:44:26.523Z] Command:       C:\Program Files\nodejs\node.exe C:\Users\adamj\AppData\Roaming\npm\node_modules\firebase-tools\lib\bin\firebase.js init hosting
[debug] [2023-10-30T19:44:26.524Z] CLI Version:   12.7.0
[debug] [2023-10-30T19:44:26.525Z] Platform:      win32
[debug] [2023-10-30T19:44:26.525Z] Node Version:  v21.1.0
[debug] [2023-10-30T19:44:26.525Z] Time:          Mon Oct 30 2023 14:44:26 GMT-0500 (Central Daylight Time)
[debug] [2023-10-30T19:44:26.526Z] ----------------------------------------------------------------------
[debug] 
[debug] [2023-10-30T19:44:26.718Z] > command requires scopes: ["email","openid","https://www.googleapis.com/auth/cloudplatformprojects.readonly","https://www.googleapis.com/auth/firebase","https://www.googleapis.com/auth/cloud-platform"]
[debug] [2023-10-30T19:44:26.719Z] > authorizing via signed-in user (adamjaber@lewisu.edu)
[info] 
     ######## #### ########  ######## ########     ###     ######  ########
     ##        ##  ##     ## ##       ##     ##  ##   ##  ##       ##
     ######    ##  ########  ######   ########  #########  ######  ######
     ##        ##  ##    ##  ##       ##     ## ##     ##       ## ##
     ##       #### ##     ## ######## ########  ##     ##  ######  ########

You're about to initialize a Firebase project in this directory:

  C:\Users\adamj\Work\codingkickstart

Before we get started, keep in mind:

  * You are initializing within an existing Firebase project directory

[info] 
=== Project Setup
[info] 
[info] First, let's associate this project directory with a Firebase project.
[info] You can create multiple project aliases by running firebase use --add, 
[info] but for now we'll just set up a default project.
[info] 
[debug] [2023-10-30T19:44:28.314Z] Using project from CLI flag: code-kickstart
[debug] [2023-10-30T19:44:28.324Z] >>> [apiv2][query] GET https://firebase.googleapis.com/v1beta1/projects/code-kickstart [none]
[debug] [2023-10-30T19:44:28.606Z] <<< [apiv2][status] GET https://firebase.googleapis.com/v1beta1/projects/code-kickstart 200
[debug] [2023-10-30T19:44:28.607Z] <<< [apiv2][body] GET https://firebase.googleapis.com/v1beta1/projects/code-kickstart {"projectId":"code-kickstart","projectNumber":"500114209702","displayName":"code-kickstart","name":"projects/code-kickstart","resources":{"hostingSite":"code-kickstart"},"state":"ACTIVE","etag":"1_3215837d-06ee-46a5-bb80-85aa7bf53ac2"}
[info] i  Using project code-kickstart (code-kickstart) 
[info] 
=== Hosting Setup
[info] 
[info] Your public directory is the folder (relative to your project directory) that
[info] will contain Hosting assets to be uploaded with firebase deploy. If you
[info] have a build process for your assets, use your build's output directory.
[info] 
[debug] [2023-10-30T19:44:53.481Z] >>> [apiv2][query] GET https://www.gstatic.com/firebasejs/releases.json [none]
[debug] [2023-10-30T19:44:53.544Z] <<< [apiv2][status] GET https://www.gstatic.com/firebasejs/releases.json 200
[debug] [2023-10-30T19:44:53.544Z] <<< [apiv2][body] GET https://www.gstatic.com/firebasejs/releases.json {"current":{"version":"10.5.2","browserURL":"https://www.gstatic.com/firebasejs/10.5.2/firebase.js","packageURL":"https://www.gstatic.com/firebasejs/10.5.2/firebase.tgz"},"live":{"version":"10.5","browserURL":"https://www.gstatic.com/firebasejs/live/10.5/firebase.js","packageURL":"https://www.gstatic.com/firebasejs/live/10.5/firebase.tgz"},"components":{"analytics":"https://www.gstatic.com/firebasejs/10.5.2/firebase-analytics.js","app":"https://www.gstatic.com/firebasejs/10.5.2/firebase-app.js","app-check":"https://www.gstatic.com/firebasejs/10.5.2/firebase-app-check.js","auth":"https://www.gstatic.com/firebasejs/10.5.2/firebase-auth.js","auth/cordova":"https://www.gstatic.com/firebasejs/10.5.2/firebase-auth/cordova.js","functions":"https://www.gstatic.com/firebasejs/10.5.2/firebase-functions.js","firestore":"https://www.gstatic.com/firebasejs/10.5.2/firebase-firestore.js","firestore/lite":"https://www.gstatic.com/firebasejs/10.5.2/firebase-firestore/lite.js","installations":"https://www.gstatic.com/firebasejs/10.5.2/firebase-installations.js","storage":"https://www.gstatic.com/firebasejs/10.5.2/firebase-storage.js","performance":"https://www.gstatic.com/firebasejs/10.5.2/firebase-performance.js","remote-config":"https://www.gstatic.com/firebasejs/10.5.2/firebase-remote-config.js","messaging":"https://www.gstatic.com/firebasejs/10.5.2/firebase-messaging.js","messaging/sw":"https://www.gstatic.com/firebasejs/10.5.2/firebase-messaging/sw.js","database":"https://www.gstatic.com/firebasejs/10.5.2/firebase-database.js","firestore.memory":"https://www.gstatic.com/firebasejs/10.5.2/firebase-firestore.memory.js"}}
